0 info it worked if it ends with ok
1 verbose cli [ 'C:\\Program Files\\nodejs\\node.exe',
1 verbose cli   'C:\\Program Files\\nodejs\\node_modules\\npm\\bin\\npm-cli.js',
1 verbose cli   'publish' ]
2 info using npm@3.10.10
3 info using node@v7.3.0
4 verbose publish [ '.' ]
5 silly cache add args [ '.', null ]
6 verbose cache add spec .
7 silly cache add parsed spec Result {
7 silly cache add   raw: '.',
7 silly cache add   scope: null,
7 silly cache add   escapedName: null,
7 silly cache add   name: null,
7 silly cache add   rawSpec: '.',
7 silly cache add   spec: 'C:\\Users\\jlopvi\\fundamentosjs\\cKGLBj',
7 silly cache add   type: 'directory' }
8 verbose addLocalDirectory C:\Users\jlopvi\AppData\Roaming\npm-cache\kg2lb\0.1.0\package.tgz not in flight; packing
9 verbose correctMkdir C:\Users\jlopvi\AppData\Roaming\npm-cache correctMkdir not in flight; initializing
10 info lifecycle kg2lb@0.1.0~prepublish: kg2lb@0.1.0
11 silly lifecycle kg2lb@0.1.0~prepublish: no script for prepublish, continuing
12 verbose tar pack [ 'C:\\Users\\jlopvi\\AppData\\Roaming\\npm-cache\\kg2lb\\0.1.0\\package.tgz',
12 verbose tar pack   'C:\\Users\\jlopvi\\fundamentosjs\\cKGLBj' ]
13 verbose tarball C:\Users\jlopvi\AppData\Roaming\npm-cache\kg2lb\0.1.0\package.tgz
14 verbose folder C:\Users\jlopvi\fundamentosjs\cKGLBj
15 verbose addLocalTarball adding from inside cache C:\Users\jlopvi\AppData\Roaming\npm-cache\kg2lb\0.1.0\package.tgz
16 verbose correctMkdir C:\Users\jlopvi\AppData\Roaming\npm-cache correctMkdir not in flight; initializing
17 silly cache afterAdd kg2lb@0.1.0
18 verbose afterAdd C:\Users\jlopvi\AppData\Roaming\npm-cache\kg2lb\0.1.0\package\package.json not in flight; writing
19 verbose correctMkdir C:\Users\jlopvi\AppData\Roaming\npm-cache correctMkdir not in flight; initializing
20 verbose afterAdd C:\Users\jlopvi\AppData\Roaming\npm-cache\kg2lb\0.1.0\package\package.json written
21 silly publish { name: 'kg2lb',
21 silly publish   version: '0.1.0',
21 silly publish   description: 'Conversor de medidas desafio Platzi',
21 silly publish   main: 'lib/kg2lb.js',
21 silly publish   scripts: { build: 'babel src -d lib', test: 'mocha' },
21 silly publish   repository: { type: 'git', url: 'git+https://github.com/jlopvi/kg2lb.git' },
21 silly publish   keywords: [ 'platzi' ],
21 silly publish   author:
21 silly publish    { name: 'Sacha Lifszyc',
21 silly publish      email: 'jalopezvillatoro@gmail.com',
21 silly publish      url: 'http://twitter.com/jlopvi' },
21 silly publish   license: 'MIT',
21 silly publish   bugs: { url: 'https://github.com/jlopvi/kg2lb/issues' },
21 silly publish   homepage: 'https://github.com/jlopvi/kg2lb#readme',
21 silly publish   devDependencies:
21 silly publish    { 'babel-cli': '^6.24.1',
21 silly publish      'babel-preset-env': '^1.4.0',
21 silly publish      chai: '^3.5.0',
21 silly publish      mocha: '^3.2.0' },
21 silly publish   readme: '# Conversor de Kilogramos|Libras\r\n\r\nEste es un conversor de pesos como desafio del [Curso Fundamentos de JS](https://platzi.com/cursos/fundamentos-javascript/) de [@platzi](https://twitter.com/platzi)\r\n\r\n## Descripcion\r\n\r\nPuedes convertir el peso de KG a LB y LB a KG\r\n\r\n### Uso\r\n\r\n`const kg2lb = require(\'..\').kg2lb;\r\nconst lb2kg = require(\'..\').lb2kg;\r\nconst pasarLibras = kg2lb(1)\r\nconst pasarKilogramos = lb2kg(1) `\r\n\r\n### Instalacion\r\n\r\n`npm install kg2lb`\r\n\r\n### Creditos\r\n\r\n[@jlopvi](https://twitter.com/jlopvi)\r\n',
21 silly publish   readmeFilename: 'README.md',
21 silly publish   gitHead: '1a7e4531b3a49e306767edba0371f8b4dc8d4f61',
21 silly publish   _id: 'kg2lb@0.1.0',
21 silly publish   _shasum: 'e6d6287908f20a2175f08474f20883b961558ec6',
21 silly publish   _from: '.' }
22 verbose getPublishConfig undefined
23 silly mapToRegistry name kg2lb
24 silly mapToRegistry using default registry
25 silly mapToRegistry registry https://registry.npmjs.org/
26 silly mapToRegistry data Result {
26 silly mapToRegistry   raw: 'kg2lb',
26 silly mapToRegistry   scope: null,
26 silly mapToRegistry   escapedName: 'kg2lb',
26 silly mapToRegistry   name: 'kg2lb',
26 silly mapToRegistry   rawSpec: '',
26 silly mapToRegistry   spec: 'latest',
26 silly mapToRegistry   type: 'tag' }
27 silly mapToRegistry uri https://registry.npmjs.org/kg2lb
28 verbose publish registryBase https://registry.npmjs.org/
29 silly publish uploading C:\Users\jlopvi\AppData\Roaming\npm-cache\kg2lb\0.1.0\package.tgz
30 verbose request uri https://registry.npmjs.org/kg2lb
31 verbose request sending authorization for write operation
32 info attempt registry request try #1 at 01:04:23
33 verbose request using bearer token for auth
34 verbose request id 666707b97d51c3c5
35 http request PUT https://registry.npmjs.org/kg2lb
36 http 403 https://registry.npmjs.org/kg2lb
37 verbose headers { 'content-type': 'application/json',
37 verbose headers   'cache-control': 'max-age=300',
37 verbose headers   'content-length': '95',
37 verbose headers   'accept-ranges': 'bytes',
37 verbose headers   date: 'Sat, 15 Apr 2017 07:04:23 GMT',
37 verbose headers   via: '1.1 varnish',
37 verbose headers   connection: 'keep-alive',
37 verbose headers   'x-served-by': 'cache-atl6250-ATL',
37 verbose headers   'x-cache': 'MISS',
37 verbose headers   'x-cache-hits': '0',
37 verbose headers   'x-timer': 'S1492239863.092363,VS0,VE636',
37 verbose headers   vary: 'Accept-Encoding' }
38 verbose request invalidating C:\Users\jlopvi\AppData\Roaming\npm-cache\registry.npmjs.org\kg2lb on PUT
39 error publish Failed PUT 403
40 verbose stack Error: "You cannot publish over the previously published version 0.1.0." : kg2lb
40 verbose stack     at makeError (C:\Program Files\nodejs\node_modules\npm\node_modules\npm-registry-client\lib\request.js:302:12)
40 verbose stack     at CachingRegistryClient.<anonymous> (C:\Program Files\nodejs\node_modules\npm\node_modules\npm-registry-client\lib\request.js:290:14)
40 verbose stack     at Request._callback (C:\Program Files\nodejs\node_modules\npm\node_modules\npm-registry-client\lib\request.js:210:14)
40 verbose stack     at Request.self.callback (C:\Program Files\nodejs\node_modules\npm\node_modules\request\request.js:187:22)
40 verbose stack     at emitTwo (events.js:106:13)
40 verbose stack     at Request.emit (events.js:191:7)
40 verbose stack     at Request.<anonymous> (C:\Program Files\nodejs\node_modules\npm\node_modules\request\request.js:1048:10)
40 verbose stack     at emitOne (events.js:96:13)
40 verbose stack     at Request.emit (events.js:188:7)
40 verbose stack     at IncomingMessage.<anonymous> (C:\Program Files\nodejs\node_modules\npm\node_modules\request\request.js:969:12)
41 verbose statusCode 403
42 verbose pkgid kg2lb
43 verbose cwd C:\Users\jlopvi\fundamentosjs\cKGLBj
44 error Windows_NT 10.0.14393
45 error argv "C:\\Program Files\\nodejs\\node.exe" "C:\\Program Files\\nodejs\\node_modules\\npm\\bin\\npm-cli.js" "publish"
46 error node v7.3.0
47 error npm  v3.10.10
48 error code E403
49 error "You cannot publish over the previously published version 0.1.0." : kg2lb
50 error If you need help, you may report this error at:
50 error     <https://github.com/npm/npm/issues>
51 verbose exit [ 1, true ]
